This file contains any messages produced by compilers while
running configure, to aid debugging if configure makes a mistake.

It was created by configure, which was
generated by GNU Autoconf 2.61.  Invocation command line was

  $ ./configure 

## --------- ##
## Platform. ##
## --------- ##

hostname = emiya
uname -m = x86_64
uname -r = 2.2.0(0.289/5/3)
uname -s = CYGWIN_NT-6.2
uname -v = 2015-08-03 12:51

/usr/bin/uname -p = unknown
/bin/uname -X     = unknown

/bin/arch              = x86_64
/usr/bin/arch -k       = unknown
/usr/convex/getsysinfo = unknown
/usr/bin/hostinfo      = unknown
/bin/machine           = unknown
/usr/bin/oslevel       = unknown
/bin/universe          = unknown

PATH: /usr/local/bin
PATH: /usr/bin
PATH: /cygdrive/e/Program Files/cmder/vendor/conemu-maximus5
PATH: /cygdrive/e/Program Files/cmder/vendor/conemu-maximus5/ConEmu
PATH: /cygdrive/c/Program Files/Haskell/bin
PATH: /cygdrive/e/Program Files/haskell/lib/extralibs/bin
PATH: /cygdrive/e/Program Files/haskell/bin
PATH: /cygdrive/c/Program Files (x86)/NVIDIA Corporation/PhysX/Common
PATH: /cygdrive/e/Program Files/python
PATH: /cygdrive/c/Windows/system32
PATH: /cygdrive/c/Windows
PATH: /cygdrive/c/Windows/System32/Wbem
PATH: /cygdrive/c/Windows/System32/WindowsPowerShell/v1.0
PATH: /cygdrive/e/Program Files/scala/bin
PATH: /cygdrive/e/Program Files/mplab/MPLAB C32 Suite/bin
PATH: /cygdrive/e/Program Files/Mingwin/bin
PATH: /cygdrive/c/Program Files (x86)/Common Files/Thunder Network/KanKan/Codecs
PATH: /cygdrive/e/Program Files/Ch 7.0/bin
PATH: /cygdrive/c/Program Files (x86)/Microsoft SQL Server/110/Tools/Binn
PATH: /cygdrive/c/Program Files/Microsoft SQL Server/110/Tools/Binn
PATH: /cygdrive/c/Program Files/Microsoft SQL Server/110/DTS/Binn
PATH: /cygdrive/c/Program Files (x86)/Windows Kits/8.1/Windows Performance Toolkit
PATH: /cygdrive/c/Program Files (x86)/IVI Foundation/IVI/bin
PATH: /cygdrive/c/Program Files/IVI Foundation/IVI/bin
PATH: /cygdrive/c/Program Files (x86)/IVI Foundation/VISA/WinNT/Bin
PATH: /cygdrive/c/Program Files/IVI Foundation/VISA/Win64/Bin
PATH: /cygdrive/c/Program Files (x86)/IVI Foundation/VISA/WinNT/Bin
PATH: /cygdrive/e/Program Files/MySQL5.6.19.0/MySQL Server 5.6/bin
PATH: /cygdrive/e/Program Files/MySQL5.6.19.0/MySQL Utilities 1.3.6
PATH: /cygdrive/e/Program Files/php5.5.10
PATH: /cygdrive/e/Program Files/jsshell
PATH: /cygdrive/c/Program Files/Microsoft/Web Platform Installer
PATH: /cygdrive/e/Program Files/Calibre2
PATH: /cygdrive/e/Program Files (x86)/devdesktop/drush
PATH: /cygdrive/e/Program Files/Git/cmd
PATH: /cygdrive/e/Program Files/node
PATH: /cygdrive/e/Program Files/GnuWin32/gnuwin32/bin
PATH: /cygdrive/e/Program Files/LLVM/bin
PATH: /cygdrive/e/Program Files/haskell/mingw/bin
PATH: /cygdrive/c/Users/Knuth/AppData/Roaming/cabal/bin
PATH: /cygdrive/e/Program Files/orcad16.6/openaccess/bin/win32/opt
PATH: /cygdrive/e/Program Files/orcad16.6/tools/capture
PATH: /cygdrive/e/Program Files/orcad16.6/tools/pspice
PATH: /cygdrive/e/Program Files/orcad16.6/tools/specctra/bin
PATH: /cygdrive/e/Program Files/orcad16.6/tools/fet/bin
PATH: /cygdrive/e/Program Files/orcad16.6/tools/libutil/bin
PATH: /cygdrive/e/Program Files/orcad16.6/tools/bin
PATH: /cygdrive/e/Program Files/orcad16.6/tools/pcb/bin
PATH: /cygdrive/e/Program Files/jdk/bin
PATH: /cygdrive/e/Programe Files/jre/bin
PATH: /cygdrive/e/Program Files (x86)/scapple
PATH: /cygdrive/c/Users/Knuth/AppData/Local/Code/bin
PATH: /cygdrive/e/Program Files/jdk/bin
PATH: /cygdrive/e/Programe Files/jre/bin


## ----------- ##
## Core tests. ##
## ----------- ##

configure:1737: checking build system type
configure:1755: result: x86_64-unknown-cygwin
configure:1777: checking host system type
configure:1792: result: x86_64-unknown-cygwin
configure:1874: checking for gcc
configure:1890: found /cygdrive/e/Program Files/Mingwin/bin/gcc
configure:1901: result: gcc
configure:2139: checking for C compiler version
configure:2146: gcc --version >&5
gcc.exe (tdm-1) 5.1.0
Copyright (C) 2015 Free Software Foundation, Inc.
This is free software; see the source for copying conditions.  There is NO
warranty; not even for MERCHANTABILITY or FITNESS FOR A PARTICULAR PURPOSE.

configure:2149: $? = 0
configure:2156: gcc -v >&5
Using built-in specs.
COLLECT_GCC=E:\Program Files\Mingwin\bin\gcc.exe
COLLECT_LTO_WRAPPER=E:/Program\ Files/Mingwin/bin/../libexec/gcc/mingw32/5.1.0/lto-wrapper.exe
Target: mingw32
Configured with: ../../../src/gcc-5.1.0/configure --build=mingw32 --enable-languages=ada,c,c++,fortran,lto,objc,obj-c++ --enable-libgomp --enable-lto --enable-graphite --enable-libstdcxx-debug --enable-threads=posix --enable-version-specific-runtime-libs --enable-fully-dynamic-string --enable-libstdcxx-threads --enable-libstdcxx-time --with-gnu-ld --disable-werror --disable-nls --disable-win32-registry --disable-symvers --enable-cxx-flags='-fno-function-sections -fno-data-sections -DWINPTHREAD_STATIC' --prefix=/mingw32tdm --with-local-prefix=/mingw32tdm --with-pkgversion=tdm-1 --enable-sjlj-exceptions --with-bugurl=http://tdm-gcc.tdragon.net/bugs
Thread model: posix
gcc version 5.1.0 (tdm-1) 
configure:2159: $? = 0
configure:2166: gcc -V >&5
gcc.exe: error: unrecognized command line option '-V'
gcc.exe: fatal error: no input files
compilation terminated.
configure:2169: $? = 1
configure:2192: checking for C compiler default output file name
configure:2219: gcc    conftest.c  >&5
configure:2222: $? = 0
configure:2260: result: a.exe
configure:2277: checking whether the C compiler works
configure:2287: ./a.exe
configure:2290: $? = 0
configure:2307: result: yes
configure:2314: checking whether we are cross compiling
configure:2316: result: no
configure:2319: checking for suffix of executables
configure:2326: gcc -o conftest.exe    conftest.c  >&5
configure:2329: $? = 0
configure:2353: result: .exe
configure:2359: checking for suffix of object files
configure:2385: gcc -c   conftest.c >&5
configure:2388: $? = 0
configure:2411: result: o
configure:2415: checking whether we are using the GNU C compiler
configure:2444: gcc -c   conftest.c >&5
configure:2450: $? = 0
configure:2467: result: yes
configure:2472: checking whether gcc accepts -g
configure:2502: gcc -c -g  conftest.c >&5
configure:2508: $? = 0
configure:2607: result: yes
configure:2624: checking for gcc option to accept ISO C89
configure:2698: gcc  -c -g -O2  conftest.c >&5
configure:2704: $? = 0
configure:2727: result: none needed
configure:2776: checking for a BSD-compatible install
configure:2832: result: /usr/bin/install -c
configure:2848: checking for strerror
configure:2904: gcc -o conftest.exe -g -O2 -pipe -Wno-unused -Wshadow -Wbad-function-cast -Wmissing-prototypes -Wstrict-prototypes -Wcast-align -Wcast-qual -Wpointer-arith -Wcast-align -Wwrite-strings -Wmissing-declarations -Wnested-externs -Wundef -pedantic -fno-common   -g conftest.c  >&5
conftest.c:31:1: warning: function declaration isn't a prototype [-Wstrict-prototypes]
 char strerror ();
 ^
conftest.c:40:1: warning: function declaration isn't a prototype [-Wstrict-prototypes]
 main ()
 ^
configure:2910: $? = 0
configure:2928: result: yes
configure:2938: checking for library containing regcomp
configure:2979: gcc -o conftest.exe -g -O2 -pipe -Wno-unused -Wshadow -Wbad-function-cast -Wmissing-prototypes -Wstrict-prototypes -Wcast-align -Wcast-qual -Wpointer-arith -Wcast-align -Wwrite-strings -Wmissing-declarations -Wnested-externs -Wundef -pedantic -fno-common   -g conftest.c  >&5
conftest.c:16:1: warning: function declaration isn't a prototype [-Wstrict-prototypes]
 char regcomp ();
 ^
conftest.c:18:1: warning: function declaration isn't a prototype [-Wstrict-prototypes]
 main ()
 ^
E:\CygWin\tmp\ccgxy9rB.o: In function `main':
E:\documents\learn\linux\cmd\diction-1.11/conftest.c:20: undefined reference to `regcomp'
collect2.exe: error: ld returned 1 exit status
configure:2985: $? = 1
configure: failed program was:
| /* confdefs.h.  */
| #define PACKAGE_NAME ""
| #define PACKAGE_TARNAME ""
| #define PACKAGE_VERSION ""
| #define PACKAGE_STRING ""
| #define PACKAGE_BUGREPORT ""
| #define HAVE_STRERROR 1
| /* end confdefs.h.  */
| 
| /* Override any GCC internal prototype to avoid an error.
|    Use char because int might match the return type of a GCC
|    builtin and then its argument prototype would still apply.  */
| #ifdef __cplusplus
| extern "C"
| #endif
| char regcomp ();
| int
| main ()
| {
| return regcomp ();
|   ;
|   return 0;
| }
configure:2979: gcc -o conftest.exe -g -O2 -pipe -Wno-unused -Wshadow -Wbad-function-cast -Wmissing-prototypes -Wstrict-prototypes -Wcast-align -Wcast-qual -Wpointer-arith -Wcast-align -Wwrite-strings -Wmissing-declarations -Wnested-externs -Wundef -pedantic -fno-common   -g conftest.c -lregex   >&5
conftest.c:16:1: warning: function declaration isn't a prototype [-Wstrict-prototypes]
 char regcomp ();
 ^
conftest.c:18:1: warning: function declaration isn't a prototype [-Wstrict-prototypes]
 main ()
 ^
E:/Program Files/Mingwin/bin/../lib/gcc/mingw32/5.1.0/../../../../mingw32/bin/ld.exe: cannot find -lregex
collect2.exe: error: ld returned 1 exit status
configure:2985: $? = 1
configure: failed program was:
| /* confdefs.h.  */
| #define PACKAGE_NAME ""
| #define PACKAGE_TARNAME ""
| #define PACKAGE_VERSION ""
| #define PACKAGE_STRING ""
| #define PACKAGE_BUGREPORT ""
| #define HAVE_STRERROR 1
| /* end confdefs.h.  */
| 
| /* Override any GCC internal prototype to avoid an error.
|    Use char because int might match the return type of a GCC
|    builtin and then its argument prototype would still apply.  */
| #ifdef __cplusplus
| extern "C"
| #endif
| char regcomp ();
| int
| main ()
| {
| return regcomp ();
|   ;
|   return 0;
| }
configure:2979: gcc -o conftest.exe -g -O2 -pipe -Wno-unused -Wshadow -Wbad-function-cast -Wmissing-prototypes -Wstrict-prototypes -Wcast-align -Wcast-qual -Wpointer-arith -Wcast-align -Wwrite-strings -Wmissing-declarations -Wnested-externs -Wundef -pedantic -fno-common   -g conftest.c -lpcre   >&5
conftest.c:16:1: warning: function declaration isn't a prototype [-Wstrict-prototypes]
 char regcomp ();
 ^
conftest.c:18:1: warning: function declaration isn't a prototype [-Wstrict-prototypes]
 main ()
 ^
E:/Program Files/Mingwin/bin/../lib/gcc/mingw32/5.1.0/../../../../mingw32/bin/ld.exe: cannot find -lpcre
collect2.exe: error: ld returned 1 exit status
configure:2985: $? = 1
configure: failed program was:
| /* confdefs.h.  */
| #define PACKAGE_NAME ""
| #define PACKAGE_TARNAME ""
| #define PACKAGE_VERSION ""
| #define PACKAGE_STRING ""
| #define PACKAGE_BUGREPORT ""
| #define HAVE_STRERROR 1
| /* end confdefs.h.  */
| 
| /* Override any GCC internal prototype to avoid an error.
|    Use char because int might match the return type of a GCC
|    builtin and then its argument prototype would still apply.  */
| #ifdef __cplusplus
| extern "C"
| #endif
| char regcomp ();
| int
| main ()
| {
| return regcomp ();
|   ;
|   return 0;
| }
configure:3013: result: no
configure:3022: checking for broken realloc
configure:3060: gcc -o conftest.exe -g -O2 -pipe -Wno-unused -Wshadow -Wbad-function-cast -Wmissing-prototypes -Wstrict-prototypes -Wcast-align -Wcast-qual -Wpointer-arith -Wcast-align -Wwrite-strings -Wmissing-declarations -Wnested-externs -Wundef -pedantic -fno-common   -g conftest.c  >&5
configure:3063: $? = 0
configure:3069: ./conftest.exe
configure:3072: $? = 0
configure:3074: result: no
configure:3096: checking for msgfmt
configure:3112: found /cygdrive/e/Program Files/GnuWin32/gnuwin32/bin/msgfmt
configure:3124: result: yes
configure:3139: checking how to run the C preprocessor
configure:3179: gcc -E  conftest.c
configure:3185: $? = 0
configure:3216: gcc -E  conftest.c
conftest.c:9:28: fatal error: ac_nonexistent.h: No such file or directory
compilation terminated.
configure:3222: $? = 1
configure: failed program was:
| /* confdefs.h.  */
| #define PACKAGE_NAME ""
| #define PACKAGE_TARNAME ""
| #define PACKAGE_VERSION ""
| #define PACKAGE_STRING ""
| #define PACKAGE_BUGREPORT ""
| #define HAVE_STRERROR 1
| /* end confdefs.h.  */
| #include <ac_nonexistent.h>
configure:3255: result: gcc -E
configure:3284: gcc -E  conftest.c
configure:3290: $? = 0
configure:3321: gcc -E  conftest.c
conftest.c:9:28: fatal error: ac_nonexistent.h: No such file or directory
compilation terminated.
configure:3327: $? = 1
configure: failed program was:
| /* confdefs.h.  */
| #define PACKAGE_NAME ""
| #define PACKAGE_TARNAME ""
| #define PACKAGE_VERSION ""
| #define PACKAGE_STRING ""
| #define PACKAGE_BUGREPORT ""
| #define HAVE_STRERROR 1
| /* end confdefs.h.  */
| #include <ac_nonexistent.h>
configure:3365: checking for grep that handles long lines and -e
configure:3439: result: /usr/bin/grep
configure:3444: checking for egrep
configure:3522: result: /usr/bin/grep -E
configure:3527: checking for ANSI C header files
configure:3557: gcc -c -g -O2 -pipe -Wno-unused -Wshadow -Wbad-function-cast -Wmissing-prototypes -Wstrict-prototypes -Wcast-align -Wcast-qual -Wpointer-arith -Wcast-align -Wwrite-strings -Wmissing-declarations -Wnested-externs -Wundef -pedantic -fno-common  conftest.c >&5
conftest.c:15:1: warning: function declaration isn't a prototype [-Wstrict-prototypes]
 main ()
 ^
configure:3563: $? = 0
configure:3662: gcc -o conftest.exe -g -O2 -pipe -Wno-unused -Wshadow -Wbad-function-cast -Wmissing-prototypes -Wstrict-prototypes -Wcast-align -Wcast-qual -Wpointer-arith -Wcast-align -Wwrite-strings -Wmissing-declarations -Wnested-externs -Wundef -pedantic -fno-common   -g conftest.c  >&5
conftest.c:21:1: warning: function declaration isn't a prototype [-Wstrict-prototypes]
 main ()
 ^
configure:3665: $? = 0
configure:3671: ./conftest.exe
configure:3674: $? = 0
configure:3691: result: yes
configure:3715: checking for sys/types.h
configure:3736: gcc -c -g -O2 -pipe -Wno-unused -Wshadow -Wbad-function-cast -Wmissing-prototypes -Wstrict-prototypes -Wcast-align -Wcast-qual -Wpointer-arith -Wcast-align -Wwrite-strings -Wmissing-declarations -Wnested-externs -Wundef -pedantic -fno-common  conftest.c >&5
configure:3742: $? = 0
configure:3758: result: yes
configure:3715: checking for sys/stat.h
configure:3736: gcc -c -g -O2 -pipe -Wno-unused -Wshadow -Wbad-function-cast -Wmissing-prototypes -Wstrict-prototypes -Wcast-align -Wcast-qual -Wpointer-arith -Wcast-align -Wwrite-strings -Wmissing-declarations -Wnested-externs -Wundef -pedantic -fno-common  conftest.c >&5
configure:3742: $? = 0
configure:3758: result: yes
configure:3715: checking for stdlib.h
configure:3736: gcc -c -g -O2 -pipe -Wno-unused -Wshadow -Wbad-function-cast -Wmissing-prototypes -Wstrict-prototypes -Wcast-align -Wcast-qual -Wpointer-arith -Wcast-align -Wwrite-strings -Wmissing-declarations -Wnested-externs -Wundef -pedantic -fno-common  conftest.c >&5
configure:3742: $? = 0
configure:3758: result: yes
configure:3715: checking for string.h
configure:3736: gcc -c -g -O2 -pipe -Wno-unused -Wshadow -Wbad-function-cast -Wmissing-prototypes -Wstrict-prototypes -Wcast-align -Wcast-qual -Wpointer-arith -Wcast-align -Wwrite-strings -Wmissing-declarations -Wnested-externs -Wundef -pedantic -fno-common  conftest.c >&5
configure:3742: $? = 0
configure:3758: result: yes
configure:3715: checking for memory.h
configure:3736: gcc -c -g -O2 -pipe -Wno-unused -Wshadow -Wbad-function-cast -Wmissing-prototypes -Wstrict-prototypes -Wcast-align -Wcast-qual -Wpointer-arith -Wcast-align -Wwrite-strings -Wmissing-declarations -Wnested-externs -Wundef -pedantic -fno-common  conftest.c >&5
configure:3742: $? = 0
configure:3758: result: yes
configure:3715: checking for strings.h
configure:3736: gcc -c -g -O2 -pipe -Wno-unused -Wshadow -Wbad-function-cast -Wmissing-prototypes -Wstrict-prototypes -Wcast-align -Wcast-qual -Wpointer-arith -Wcast-align -Wwrite-strings -Wmissing-declarations -Wnested-externs -Wundef -pedantic -fno-common  conftest.c >&5
configure:3742: $? = 0
configure:3758: result: yes
configure:3715: checking for inttypes.h
configure:3736: gcc -c -g -O2 -pipe -Wno-unused -Wshadow -Wbad-function-cast -Wmissing-prototypes -Wstrict-prototypes -Wcast-align -Wcast-qual -Wpointer-arith -Wcast-align -Wwrite-strings -Wmissing-declarations -Wnested-externs -Wundef -pedantic -fno-common  conftest.c >&5
configure:3742: $? = 0
configure:3758: result: yes
configure:3715: checking for stdint.h
configure:3736: gcc -c -g -O2 -pipe -Wno-unused -Wshadow -Wbad-function-cast -Wmissing-prototypes -Wstrict-prototypes -Wcast-align -Wcast-qual -Wpointer-arith -Wcast-align -Wwrite-strings -Wmissing-declarations -Wnested-externs -Wundef -pedantic -fno-common  conftest.c >&5
configure:3742: $? = 0
configure:3758: result: yes
configure:3715: checking for unistd.h
configure:3736: gcc -c -g -O2 -pipe -Wno-unused -Wshadow -Wbad-function-cast -Wmissing-prototypes -Wstrict-prototypes -Wcast-align -Wcast-qual -Wpointer-arith -Wcast-align -Wwrite-strings -Wmissing-declarations -Wnested-externs -Wundef -pedantic -fno-common  conftest.c >&5
configure:3742: $? = 0
configure:3758: result: yes
configure:3785: checking libintl.h usability
configure:3802: gcc -c -g -O2 -pipe -Wno-unused -Wshadow -Wbad-function-cast -Wmissing-prototypes -Wstrict-prototypes -Wcast-align -Wcast-qual -Wpointer-arith -Wcast-align -Wwrite-strings -Wmissing-declarations -Wnested-externs -Wundef -pedantic -fno-common  conftest.c >&5
conftest.c:52:21: fatal error: libintl.h: No such file or directory
compilation terminated.
configure:3808: $? = 1
configure: failed program was:
| /* confdefs.h.  */
| #define PACKAGE_NAME ""
| #define PACKAGE_TARNAME ""
| #define PACKAGE_VERSION ""
| #define PACKAGE_STRING ""
| #define PACKAGE_BUGREPORT ""
| #define HAVE_STRERROR 1
| #define STDC_HEADERS 1
| #define HAVE_SYS_TYPES_H 1
| #define HAVE_SYS_STAT_H 1
| #define HAVE_STDLIB_H 1
| #define HAVE_STRING_H 1
| #define HAVE_MEMORY_H 1
| #define HAVE_STRINGS_H 1
| #define HAVE_INTTYPES_H 1
| #define HAVE_STDINT_H 1
| #define HAVE_UNISTD_H 1
| /* end confdefs.h.  */
| #include <stdio.h>
| #ifdef HAVE_SYS_TYPES_H
| # include <sys/types.h>
| #endif
| #ifdef HAVE_SYS_STAT_H
| # include <sys/stat.h>
| #endif
| #ifdef STDC_HEADERS
| # include <stdlib.h>
| # include <stddef.h>
| #else
| # ifdef HAVE_STDLIB_H
| #  include <stdlib.h>
| # endif
| #endif
| #ifdef HAVE_STRING_H
| # if !defined STDC_HEADERS && defined HAVE_MEMORY_H
| #  include <memory.h>
| # endif
| # include <string.h>
| #endif
| #ifdef HAVE_STRINGS_H
| # include <strings.h>
| #endif
| #ifdef HAVE_INTTYPES_H
| # include <inttypes.h>
| #endif
| #ifdef HAVE_STDINT_H
| # include <stdint.h>
| #endif
| #ifdef HAVE_UNISTD_H
| # include <unistd.h>
| #endif
| #include <libintl.h>
configure:3822: result: no
configure:3826: checking libintl.h presence
configure:3841: gcc -E  conftest.c
conftest.c:19:21: fatal error: libintl.h: No such file or directory
compilation terminated.
configure:3847: $? = 1
configure: failed program was:
| /* confdefs.h.  */
| #define PACKAGE_NAME ""
| #define PACKAGE_TARNAME ""
| #define PACKAGE_VERSION ""
| #define PACKAGE_STRING ""
| #define PACKAGE_BUGREPORT ""
| #define HAVE_STRERROR 1
| #define STDC_HEADERS 1
| #define HAVE_SYS_TYPES_H 1
| #define HAVE_SYS_STAT_H 1
| #define HAVE_STDLIB_H 1
| #define HAVE_STRING_H 1
| #define HAVE_MEMORY_H 1
| #define HAVE_STRINGS_H 1
| #define HAVE_INTTYPES_H 1
| #define HAVE_STDINT_H 1
| #define HAVE_UNISTD_H 1
| /* end confdefs.h.  */
| #include <libintl.h>
configure:3861: result: no
configure:3889: checking for libintl.h
configure:3897: result: no
configure:4112: creating ./config.status

## ---------------------- ##
## Running config.status. ##
## ---------------------- ##

This file was extended by config.status, which was
generated by GNU Autoconf 2.61.  Invocation command line was

  CONFIG_FILES    = 
  CONFIG_HEADERS  = 
  CONFIG_LINKS    = 
  CONFIG_COMMANDS = 
  $ ./config.status 

on emiya

config.status:614: creating Makefile
config.status:614: creating diction.1
config.status:614: creating diction.texi
config.status:614: creating diction.spec
config.status:614: creating style.1
config.status:614: creating test/rundiction
config.status:614: creating config.h

## ---------------- ##
## Cache variables. ##
## ---------------- ##

ac_cv_build=x86_64-unknown-cygwin
ac_cv_c_compiler_gnu=yes
ac_cv_env_CC_set=
ac_cv_env_CC_value=
ac_cv_env_CFLAGS_set=
ac_cv_env_CFLAGS_value=
ac_cv_env_CPPFLAGS_set=
ac_cv_env_CPPFLAGS_value=
ac_cv_env_CPP_set=
ac_cv_env_CPP_value=
ac_cv_env_LDFLAGS_set=
ac_cv_env_LDFLAGS_value=
ac_cv_env_LIBS_set=
ac_cv_env_LIBS_value=
ac_cv_env_build_alias_set=
ac_cv_env_build_alias_value=
ac_cv_env_host_alias_set=
ac_cv_env_host_alias_value=
ac_cv_env_target_alias_set=
ac_cv_env_target_alias_value=
ac_cv_exeext=.exe
ac_cv_func_strerror=yes
ac_cv_header_inttypes_h=yes
ac_cv_header_libintl_h=no
ac_cv_header_memory_h=yes
ac_cv_header_stdc=yes
ac_cv_header_stdint_h=yes
ac_cv_header_stdlib_h=yes
ac_cv_header_string_h=yes
ac_cv_header_strings_h=yes
ac_cv_header_sys_stat_h=yes
ac_cv_header_sys_types_h=yes
ac_cv_header_unistd_h=yes
ac_cv_host=x86_64-unknown-cygwin
ac_cv_objext=o
ac_cv_path_EGREP='/usr/bin/grep -E'
ac_cv_path_GREP=/usr/bin/grep
ac_cv_path_install='/usr/bin/install -c'
ac_cv_prog_CPP='gcc -E'
ac_cv_prog_MSGFMT=yes
ac_cv_prog_ac_ct_CC=gcc
ac_cv_prog_cc_c89=
ac_cv_prog_cc_g=yes
ac_cv_search_regcomp=no

## ----------------- ##
## Output variables. ##
## ----------------- ##

CC='gcc'
CFLAGS='-g -O2 -pipe -Wno-unused -Wshadow -Wbad-function-cast -Wmissing-prototypes -Wstrict-prototypes -Wcast-align -Wcast-qual -Wpointer-arith -Wcast-align -Wwrite-strings -Wmissing-declarations -Wnested-externs -Wundef -pedantic -fno-common'
CPP='gcc -E'
CPPFLAGS=''
DATADIR='${prefix}/share'
DEFS='-DHAVE_CONFIG_H'
ECHO_C=''
ECHO_N='-n'
ECHO_T=''
EGREP='/usr/bin/grep -E'
EXEEXT='.exe'
GREP='/usr/bin/grep'
INSTALL_DATA='${INSTALL} -m 644'
INSTALL_PROGRAM='${INSTALL}'
INSTALL_SCRIPT='${INSTALL}'
LDFLAGS=' -g'
LIBOBJS=''
LIBS=''
LTLIBOBJS=''
MSGFMT='yes'
OBJEXT='o'
PACKAGE_BUGREPORT=''
PACKAGE_NAME=''
PACKAGE_STRING=''
PACKAGE_TARNAME=''
PACKAGE_VERSION=''
PATH_SEPARATOR=':'
SHELL='/bin/sh'
UPDATED='August 30th, 2007'
USE_NLS='no'
VALGRIND=''
VERSION='1.11'
ac_ct_CC='gcc'
bindir='${exec_prefix}/bin'
build='x86_64-unknown-cygwin'
build_alias=''
build_cpu='x86_64'
build_os='cygwin'
build_vendor='unknown'
datadir='${datarootdir}'
datarootdir='${prefix}/share'
docdir='${datarootdir}/doc/${PACKAGE}'
dvidir='${docdir}'
exec_prefix='${prefix}'
host='x86_64-unknown-cygwin'
host_alias=''
host_cpu='x86_64'
host_os='cygwin'
host_vendor='unknown'
htmldir='${docdir}'
includedir='${prefix}/include'
infodir='${datarootdir}/info'
libdir='${exec_prefix}/lib'
libexecdir='${exec_prefix}/libexec'
localedir='${datarootdir}/locale'
localstatedir='${prefix}/var'
mandir='${datarootdir}/man'
oldincludedir='/usr/include'
pdfdir='${docdir}'
prefix='/usr/local'
program_transform_name='s,x,x,'
psdir='${docdir}'
sbindir='${exec_prefix}/sbin'
sharedstatedir='${prefix}/com'
sysconfdir='${prefix}/etc'
target_alias=''

## ----------- ##
## confdefs.h. ##
## ----------- ##

#define PACKAGE_NAME ""
#define PACKAGE_TARNAME ""
#define PACKAGE_VERSION ""
#define PACKAGE_STRING ""
#define PACKAGE_BUGREPORT ""
#define HAVE_STRERROR 1
#define STDC_HEADERS 1
#define HAVE_SYS_TYPES_H 1
#define HAVE_SYS_STAT_H 1
#define HAVE_STDLIB_H 1
#define HAVE_STRING_H 1
#define HAVE_MEMORY_H 1
#define HAVE_STRINGS_H 1
#define HAVE_INTTYPES_H 1
#define HAVE_STDINT_H 1
#define HAVE_UNISTD_H 1
#define VERSION "1.11"

configure: exit 0
